DEPRECATION WARNING: config.action_view.debug_rjs will be removed in 3.1, from 3.1 onwards you will need to install prototype-rails to continue to use RJS templates . (called from <top (required)> at /Users/ras/Documents/research-projects.info/berkeley-branch/ResearchMatch/config/environment.rb:5)
DEPRECATION WARNING: config.action_view.debug_rjs will be removed in 3.1, from 3.1 onwards you will need to install prototype-rails to continue to use RJS templates . (called from <top (required)> at /Users/ras/Documents/research-projects.info/berkeley-branch/ResearchMatch/config/environment.rb:5)
DEPRECATION WARNING: config.action_view.debug_rjs will be removed in 3.1, from 3.1 onwards you will need to install prototype-rails to continue to use RJS templates . (called from <top (required)> at /Users/ras/Documents/research-projects.info/berkeley-branch/ResearchMatch/config/environment.rb:5)
DEPRECATION WARNING: config.action_view.debug_rjs will be removed in 3.1, from 3.1 onwards you will need to install prototype-rails to continue to use RJS templates . (called from <top (required)> at /Users/ras/Documents/research-projects.info/berkeley-branch/ResearchMatch/config/environment.rb:5)


Started GET "/" for 127.0.0.1 at 2012-12-06 21:54:00 -0500

Mysql2::Error (Lost connection to MySQL server at 'reading initial communication packet', system error: 0):
  

Rendered /Users/ras/.rvm/gems/ruby-1.9.2-head@global/gems/actionpack-3.0.10/lib/action_dispatch/middleware/templates/rescues/_trace.erb (2.4ms)
Rendered /Users/ras/.rvm/gems/ruby-1.9.2-head@global/gems/actionpack-3.0.10/lib/action_dispatch/middleware/templates/rescues/_request_and_response.erb (8.0ms)
Rendered /Users/ras/.rvm/gems/ruby-1.9.2-head@global/gems/actionpack-3.0.10/lib/action_dispatch/middleware/templates/rescues/diagnostics.erb within rescues/layout (18.6ms)


Started GET "/" for 127.0.0.1 at 2012-12-06 21:54:30 -0500

Mysql2::Error (Lost connection to MySQL server at 'reading initial communication packet', system error: 0):
  

Rendered /Users/ras/.rvm/gems/ruby-1.9.2-head@global/gems/actionpack-3.0.10/lib/action_dispatch/middleware/templates/rescues/_trace.erb (2.9ms)
Rendered /Users/ras/.rvm/gems/ruby-1.9.2-head@global/gems/actionpack-3.0.10/lib/action_dispatch/middleware/templates/rescues/_request_and_response.erb (1.9ms)
Rendered /Users/ras/.rvm/gems/ruby-1.9.2-head@global/gems/actionpack-3.0.10/lib/action_dispatch/middleware/templates/rescues/diagnostics.erb within rescues/layout (11.1ms)


Started GET "/" for 127.0.0.1 at 2012-12-06 21:55:00 -0500

Mysql2::Error (Lost connection to MySQL server at 'reading initial communication packet', system error: 0):
  

Rendered /Users/ras/.rvm/gems/ruby-1.9.2-head@global/gems/actionpack-3.0.10/lib/action_dispatch/middleware/templates/rescues/_trace.erb (2.1ms)
Rendered /Users/ras/.rvm/gems/ruby-1.9.2-head@global/gems/actionpack-3.0.10/lib/action_dispatch/middleware/templates/rescues/_request_and_response.erb (1.9ms)
Rendered /Users/ras/.rvm/gems/ruby-1.9.2-head@global/gems/actionpack-3.0.10/lib/action_dispatch/middleware/templates/rescues/diagnostics.erb within rescues/layout (9.7ms)
DEPRECATION WARNING: config.action_view.debug_rjs will be removed in 3.1, from 3.1 onwards you will need to install prototype-rails to continue to use RJS templates . (called from <top (required)> at /Users/ras/Documents/research-projects.info/berkeley-branch/ResearchMatch/config/environment.rb:5)


Started GET "/" for 127.0.0.1 at 2012-12-06 21:56:19 -0500

LoadError (no such file to load -- sqlite3):
  

Rendered /Users/ras/.rvm/gems/ruby-1.9.2-head@global/gems/actionpack-3.0.10/lib/action_dispatch/middleware/templates/rescues/_trace.erb (2.7ms)
Rendered /Users/ras/.rvm/gems/ruby-1.9.2-head@global/gems/actionpack-3.0.10/lib/action_dispatch/middleware/templates/rescues/_request_and_response.erb (7.6ms)
Rendered /Users/ras/.rvm/gems/ruby-1.9.2-head@global/gems/actionpack-3.0.10/lib/action_dispatch/middleware/templates/rescues/diagnostics.erb within rescues/layout (19.2ms)
DEPRECATION WARNING: config.action_view.debug_rjs will be removed in 3.1, from 3.1 onwards you will need to install prototype-rails to continue to use RJS templates . (called from <top (required)> at /Users/ras/Documents/research-projects.info/berkeley-branch/ResearchMatch/config/environment.rb:5)
DEPRECATION WARNING: config.action_view.debug_rjs will be removed in 3.1, from 3.1 onwards you will need to install prototype-rails to continue to use RJS templates . (called from <top (required)> at /Users/ras/Documents/research-projects.info/berkeley-branch/ResearchMatch/config/environment.rb:5)


Started GET "/" for 127.0.0.1 at 2012-12-06 21:59:04 -0500

LoadError (no such file to load -- sqlite3):
  

Rendered /Users/ras/.rvm/gems/ruby-1.9.2-head@global/gems/actionpack-3.0.10/lib/action_dispatch/middleware/templates/rescues/_trace.erb (2.1ms)
Rendered /Users/ras/.rvm/gems/ruby-1.9.2-head@global/gems/actionpack-3.0.10/lib/action_dispatch/middleware/templates/rescues/_request_and_response.erb (6.9ms)
Rendered /Users/ras/.rvm/gems/ruby-1.9.2-head@global/gems/actionpack-3.0.10/lib/action_dispatch/middleware/templates/rescues/diagnostics.erb within rescues/layout (15.8ms)


Started GET "/" for 127.0.0.1 at 2012-12-06 21:59:07 -0500

LoadError (no such file to load -- sqlite3):
  

Rendered /Users/ras/.rvm/gems/ruby-1.9.2-head@global/gems/actionpack-3.0.10/lib/action_dispatch/middleware/templates/rescues/_trace.erb (2.2ms)
Rendered /Users/ras/.rvm/gems/ruby-1.9.2-head@global/gems/actionpack-3.0.10/lib/action_dispatch/middleware/templates/rescues/_request_and_response.erb (1.9ms)
Rendered /Users/ras/.rvm/gems/ruby-1.9.2-head@global/gems/actionpack-3.0.10/lib/action_dispatch/middleware/templates/rescues/diagnostics.erb within rescues/layout (9.5ms)


Started GET "/" for 127.0.0.1 at 2012-12-06 21:59:13 -0500

LoadError (no such file to load -- sqlite3):
  

Rendered /Users/ras/.rvm/gems/ruby-1.9.2-head@global/gems/actionpack-3.0.10/lib/action_dispatch/middleware/templates/rescues/_trace.erb (2.5ms)
Rendered /Users/ras/.rvm/gems/ruby-1.9.2-head@global/gems/actionpack-3.0.10/lib/action_dispatch/middleware/templates/rescues/_request_and_response.erb (7.4ms)
Rendered /Users/ras/.rvm/gems/ruby-1.9.2-head@global/gems/actionpack-3.0.10/lib/action_dispatch/middleware/templates/rescues/diagnostics.erb within rescues/layout (16.5ms)
DEPRECATION WARNING: config.action_view.debug_rjs will be removed in 3.1, from 3.1 onwards you will need to install prototype-rails to continue to use RJS templates . (called from <top (required)> at /Users/ras/Documents/research-projects.info/berkeley-branch/ResearchMatch/config/environment.rb:5)


Started GET "/" for 127.0.0.1 at 2012-12-06 22:02:51 -0500

LoadError (no such file to load -- sqlite3):
  

Rendered /Users/ras/.rvm/gems/ruby-1.9.2-head@global/gems/actionpack-3.0.10/lib/action_dispatch/middleware/templates/rescues/_trace.erb (2.3ms)
Rendered /Users/ras/.rvm/gems/ruby-1.9.2-head@global/gems/actionpack-3.0.10/lib/action_dispatch/middleware/templates/rescues/_request_and_response.erb (7.5ms)
Rendered /Users/ras/.rvm/gems/ruby-1.9.2-head@global/gems/actionpack-3.0.10/lib/action_dispatch/middleware/templates/rescues/diagnostics.erb within rescues/layout (16.7ms)


Started GET "/" for 127.0.0.1 at 2012-12-06 22:02:53 -0500

LoadError (no such file to load -- sqlite3):
  

Rendered /Users/ras/.rvm/gems/ruby-1.9.2-head@global/gems/actionpack-3.0.10/lib/action_dispatch/middleware/templates/rescues/_trace.erb (2.2ms)
Rendered /Users/ras/.rvm/gems/ruby-1.9.2-head@global/gems/actionpack-3.0.10/lib/action_dispatch/middleware/templates/rescues/_request_and_response.erb (1.8ms)
Rendered /Users/ras/.rvm/gems/ruby-1.9.2-head@global/gems/actionpack-3.0.10/lib/action_dispatch/middleware/templates/rescues/diagnostics.erb within rescues/layout (9.8ms)


Started GET "/" for 127.0.0.1 at 2012-12-06 22:03:08 -0500

LoadError (no such file to load -- sqlite3):
  

Rendered /Users/ras/.rvm/gems/ruby-1.9.2-head@global/gems/actionpack-3.0.10/lib/action_dispatch/middleware/templates/rescues/_trace.erb (4.0ms)
Rendered /Users/ras/.rvm/gems/ruby-1.9.2-head@global/gems/actionpack-3.0.10/lib/action_dispatch/middleware/templates/rescues/_request_and_response.erb (1.9ms)
Rendered /Users/ras/.rvm/gems/ruby-1.9.2-head@global/gems/actionpack-3.0.10/lib/action_dispatch/middleware/templates/rescues/diagnostics.erb within rescues/layout (18.0ms)


Started GET "/" for 127.0.0.1 at 2012-12-06 22:03:19 -0500

LoadError (no such file to load -- sqlite3):
  

Rendered /Users/ras/.rvm/gems/ruby-1.9.2-head@global/gems/actionpack-3.0.10/lib/action_dispatch/middleware/templates/rescues/_trace.erb (2.3ms)
Rendered /Users/ras/.rvm/gems/ruby-1.9.2-head@global/gems/actionpack-3.0.10/lib/action_dispatch/middleware/templates/rescues/_request_and_response.erb (8.4ms)
Rendered /Users/ras/.rvm/gems/ruby-1.9.2-head@global/gems/actionpack-3.0.10/lib/action_dispatch/middleware/templates/rescues/diagnostics.erb within rescues/layout (30.6ms)
DEPRECATION WARNING: config.action_view.debug_rjs will be removed in 3.1, from 3.1 onwards you will need to install prototype-rails to continue to use RJS templates . (called from <top (required)> at /Users/ras/Documents/research-projects.info/berkeley-branch/ResearchMatch/config/environment.rb:5)
DEPRECATION WARNING: config.action_view.debug_rjs will be removed in 3.1, from 3.1 onwards you will need to install prototype-rails to continue to use RJS templates . (called from <top (required)> at /Users/ras/Documents/research-projects.info/berkeley-branch/ResearchMatch/config/environment.rb:5)
DEPRECATION WARNING: config.action_view.debug_rjs will be removed in 3.1, from 3.1 onwards you will need to install prototype-rails to continue to use RJS templates . (called from <top (required)> at /Users/ras/Documents/research-projects.info/berkeley-branch/ResearchMatch/config/environment.rb:5)


Started GET "/" for 127.0.0.1 at 2012-12-06 22:09:50 -0500

LoadError (no such file to load -- sqlite3):
  

Rendered /Users/ras/.rvm/gems/ruby-1.9.2-head@global/gems/actionpack-3.0.10/lib/action_dispatch/middleware/templates/rescues/_trace.erb (2.9ms)
Rendered /Users/ras/.rvm/gems/ruby-1.9.2-head@global/gems/actionpack-3.0.10/lib/action_dispatch/middleware/templates/rescues/_request_and_response.erb (9.1ms)
Rendered /Users/ras/.rvm/gems/ruby-1.9.2-head@global/gems/actionpack-3.0.10/lib/action_dispatch/middleware/templates/rescues/diagnostics.erb within rescues/layout (19.5ms)


Started GET "/" for 127.0.0.1 at 2012-12-06 22:09:54 -0500

LoadError (no such file to load -- sqlite3):
  

Rendered /Users/ras/.rvm/gems/ruby-1.9.2-head@global/gems/actionpack-3.0.10/lib/action_dispatch/middleware/templates/rescues/_trace.erb (2.4ms)
Rendered /Users/ras/.rvm/gems/ruby-1.9.2-head@global/gems/actionpack-3.0.10/lib/action_dispatch/middleware/templates/rescues/_request_and_response.erb (2.2ms)
Rendered /Users/ras/.rvm/gems/ruby-1.9.2-head@global/gems/actionpack-3.0.10/lib/action_dispatch/middleware/templates/rescues/diagnostics.erb within rescues/layout (13.6ms)
DEPRECATION WARNING: config.action_view.debug_rjs will be removed in 3.1, from 3.1 onwards you will need to install prototype-rails to continue to use RJS templates . (called from <top (required)> at /Users/ras/Documents/research-projects.info/berkeley-branch/ResearchMatch/config/environment.rb:5)
DEPRECATION WARNING: config.action_view.debug_rjs will be removed in 3.1, from 3.1 onwards you will need to install prototype-rails to continue to use RJS templates . (called from <top (required)> at /Users/ras/Documents/research-projects.info/berkeley-branch/ResearchMatch/config/environment.rb:5)
DEPRECATION WARNING: config.action_view.debug_rjs will be removed in 3.1, from 3.1 onwards you will need to install prototype-rails to continue to use RJS templates . (called from <top (required)> at /Users/ras/Documents/research-projects.info/berkeley-branch/ResearchMatch/config/environment.rb:5)


Started GET "/" for 127.0.0.1 at 2012-12-07 11:32:46 -0500

ActiveRecord::StatementInvalid (PG::Error: ERROR:  relation "sessions" does not exist
LINE 4:              WHERE a.attrelid = '"sessions"'::regclass
                                        ^
:             SELECT a.attname, format_type(a.atttypid, a.atttypmod), d.adsrc, a.attnotnull
              FROM pg_attribute a LEFT JOIN pg_attrdef d
                ON a.attrelid = d.adrelid AND a.attnum = d.adnum
             WHERE a.attrelid = '"sessions"'::regclass
               AND a.attnum > 0 AND NOT a.attisdropped
             ORDER BY a.attnum
):
  

Rendered /Users/ras/.rvm/gems/ruby-1.9.2-head@global/gems/actionpack-3.0.10/lib/action_dispatch/middleware/templates/rescues/_trace.erb (2.2ms)
Rendered /Users/ras/.rvm/gems/ruby-1.9.2-head@global/gems/actionpack-3.0.10/lib/action_dispatch/middleware/templates/rescues/_request_and_response.erb (9.1ms)
Rendered /Users/ras/.rvm/gems/ruby-1.9.2-head@global/gems/actionpack-3.0.10/lib/action_dispatch/middleware/templates/rescues/diagnostics.erb within rescues/layout (18.7ms)
DEPRECATION WARNING: config.action_view.debug_rjs will be removed in 3.1, from 3.1 onwards you will need to install prototype-rails to continue to use RJS templates . (called from <top (required)> at /Users/ras/Documents/research-projects.info/berkeley-branch/ResearchMatch/config/environment.rb:5)
Migrating to CreateUsers (20091107192416)
Migrating to CreateCategories (20091107192909)
Migrating to CreateReviews (20091107193238)
Migrating to CreateJobs (20091107194546)
Migrating to CreatePictures (20091107194626)
Migrating to CreateFaculties (20091107194831)
Migrating to CreateDepartments (20091116203348)
Migrating to CreateCourses (20091119022216)
Migrating to AddIsFacultyToUsers (20091121171900)
Migrating to AddNameAndDescToCourses (20091122160800)
Migrating to CreateEnrollments (20091123010526)
Migrating to CreateSponsorships (20091123013549)
Migrating to AddFacultyActivation (20091123040819)
Migrating to PopulateEecsToDepartments (20091123205113)
Migrating to FixJobInactivesTable (20091125004300)
Migrating to AddDepartmentAssociationToJob (20091126215518)
Migrating to RevampJobInactives (20091127022100)
Migrating to ActsAsTaggableMigration (20091129000032)
Migrating to CreateCoursereqs (20091129080127)
Migrating to CreateInterests (20091130071127)
Migrating to CreateProglangs (20091130080302)
Migrating to CreateProficiencies (20091130080823)
Migrating to CreateProglangreqs (20091130082556)
Migrating to CreateWatches (20091201033430)
Migrating to PopulateCourseData (20091202000624)
Migrating to PopulateFaculty (20091202061128)
Migrating to CreateFacultiesReviews (20100318162100)
Migrating to RemoveAndFixFacultiesReviews (20100318233200)
Migrating to CreateApplics (20100913000000)
Migrating to PopulateRealFaculty (20101106171600)
Migrating to AddDeltaToJob (20101107003246)
Migrating to AddUserTypeToUser (20101108054913)
Migrating to CreateDocuments (20101109224709)
Migrating to AddInfoToApplics (20101110073408)
Migrating to CreateUsersAuthlogic (20110318224316)
Migrating to AddSessionsTable (20110519012313)
Migrating to RemoveReviews (20110529025644)
Migrating to AddRefinementsToJob (20110626210351)
Migrating to RemoveOpenEndedEndDateFromJobs (20110803053913)
Migrating to FixFacultyDepartmentField (20111017012829)
Migrating to AddInfoToPerson (20111109233722)
Migrating to AddCompensationFieldToJob (20111114023135)
Migrating to AddOpenFieldToJob (20111114023612)
Migrating to UnifyJobCompensation (20111115072414)
Migrating to AddStatusStringToApplics (20121021065302)
Migrating to AddStatusToJobs (20121103200802)
Migrating to CreateOwns (20121117232110)
Migrating to AddRealFaculty (20121203014557)
Migrating to MakeUserLoginNullable (20121205014557)
DEPRECATION WARNING: RAILS_ENV is deprecated. Please use ::Rails.env. (called from migrate_with_columnizer at /Users/ras/Documents/research-projects.info/berkeley-branch/ResearchMatch/vendor/plugins/what_column/lib/what_column_migrator.rb:13)
DEPRECATION WARNING: config.action_view.debug_rjs will be removed in 3.1, from 3.1 onwards you will need to install prototype-rails to continue to use RJS templates . (called from <top (required)> at /Users/ras/Documents/research-projects.info/berkeley-branch/ResearchMatch/config/environment.rb:5)


Started GET "/" for 127.0.0.1 at 2012-12-07 11:33:44 -0500
  Processing by HomeController#index as HTML
Rendered users/_user_bar.html.erb (1.3ms)
Rendered users/_search_bar.html.erb (2.4ms)
Rendered home/index.html.erb within layouts/application (24.6ms)
Completed 200 OK in 424ms (Views: 40.9ms | ActiveRecord: 20.6ms)


Started GET "/proglangs/json" for 127.0.0.1 at 2012-12-07 11:33:45 -0500
  Processing by ProglangsController#json as JSON
Completed 200 OK in 331ms (Views: 12.7ms | ActiveRecord: 9.2ms)


Started GET "/categories/json" for 127.0.0.1 at 2012-12-07 11:33:46 -0500
  Processing by CategoriesController#json as JSON
Completed 200 OK in 358ms (Views: 12.6ms | ActiveRecord: 14.2ms)


Started GET "/courses/json" for 127.0.0.1 at 2012-12-07 11:33:46 -0500
  Processing by CoursesController#json as JSON
Completed 200 OK in 353ms (Views: 13.7ms | ActiveRecord: 16.0ms)


Started GET "/login" for 127.0.0.1 at 2012-12-07 11:33:51 -0500


Started GET "/auth/cas" for 127.0.0.1 at 2012-12-07 11:33:51 -0500


Started GET "/auth/cas" for 127.0.0.1 at 2012-12-07 11:34:03 -0500


Started GET "/dashboard" for 127.0.0.1 at 2012-12-07 11:34:07 -0500
  Processing by DashboardController#index as HTML
Redirected to http://localhost:3000/
Completed 302 Found in 237ms


Started GET "/" for 127.0.0.1 at 2012-12-07 11:34:07 -0500
  Processing by HomeController#index as HTML
Rendered users/_user_bar.html.erb (1.3ms)
Rendered users/_search_bar.html.erb (1.9ms)
Rendered home/index.html.erb within layouts/application (18.3ms)
Completed 200 OK in 376ms (Views: 32.0ms | ActiveRecord: 15.3ms)


Started GET "/proglangs/json" for 127.0.0.1 at 2012-12-07 11:34:08 -0500
  Processing by ProglangsController#json as JSON
Completed 200 OK in 336ms (Views: 12.5ms | ActiveRecord: 2.9ms)


Started GET "/courses/json" for 127.0.0.1 at 2012-12-07 11:34:08 -0500
  Processing by CoursesController#json as JSON
Completed 200 OK in 350ms (Views: 13.8ms | ActiveRecord: 4.9ms)


Started GET "/categories/json" for 127.0.0.1 at 2012-12-07 11:34:09 -0500
  Processing by CategoriesController#json as JSON
Completed 200 OK in 337ms (Views: 13.1ms | ActiveRecord: 11.3ms)


Started GET "/jobs" for 127.0.0.1 at 2012-12-07 11:34:10 -0500
  Processing by JobsController#index as HTML
Redirected to http://localhost:3000/
Completed 302 Found in 231ms


Started GET "/" for 127.0.0.1 at 2012-12-07 11:34:11 -0500
  Processing by HomeController#index as HTML
Rendered users/_user_bar.html.erb (1.4ms)
Rendered users/_search_bar.html.erb (2.9ms)
Rendered home/index.html.erb within layouts/application (21.1ms)
Completed 200 OK in 380ms (Views: 35.1ms | ActiveRecord: 8.0ms)


Started GET "/categories/json" for 127.0.0.1 at 2012-12-07 11:34:11 -0500
  Processing by CategoriesController#json as JSON
Completed 200 OK in 376ms (Views: 12.6ms | ActiveRecord: 13.1ms)


Started GET "/courses/json" for 127.0.0.1 at 2012-12-07 11:34:12 -0500
  Processing by CoursesController#json as JSON
Completed 200 OK in 369ms (Views: 14.4ms | ActiveRecord: 6.3ms)


Started GET "/proglangs/json" for 127.0.0.1 at 2012-12-07 11:34:12 -0500
  Processing by ProglangsController#json as JSON
Completed 200 OK in 325ms (Views: 12.5ms | ActiveRecord: 2.7ms)


Started GET "/jobs/new" for 127.0.0.1 at 2012-12-07 11:34:14 -0500
  Processing by JobsController#new as HTML
Redirected to http://localhost:3000/
Completed 302 Found in 261ms


Started GET "/" for 127.0.0.1 at 2012-12-07 11:34:14 -0500
  Processing by HomeController#index as HTML
Rendered users/_user_bar.html.erb (1.3ms)
Rendered users/_search_bar.html.erb (2.0ms)
Rendered home/index.html.erb within layouts/application (19.0ms)
Completed 200 OK in 409ms (Views: 31.9ms | ActiveRecord: 9.7ms)


Started GET "/proglangs/json" for 127.0.0.1 at 2012-12-07 11:34:15 -0500
  Processing by ProglangsController#json as JSON
Completed 200 OK in 331ms (Views: 12.6ms | ActiveRecord: 2.9ms)


Started GET "/courses/json" for 127.0.0.1 at 2012-12-07 11:34:15 -0500
  Processing by CoursesController#json as JSON
Completed 200 OK in 365ms (Views: 14.0ms | ActiveRecord: 5.3ms)


Started GET "/categories/json" for 127.0.0.1 at 2012-12-07 11:34:16 -0500
  Processing by CategoriesController#json as JSON
Completed 200 OK in 365ms (Views: 12.2ms | ActiveRecord: 11.5ms)


Started GET "/auth/cas" for 127.0.0.1 at 2012-12-07 11:34:24 -0500
DEPRECATION WARNING: config.action_view.debug_rjs will be removed in 3.1, from 3.1 onwards you will need to install prototype-rails to continue to use RJS templates . (called from <top (required)> at /Users/ras/Documents/research-projects.info/berkeley-branch/ResearchMatch/config/environment.rb:5)


Started GET "/" for 127.0.0.1 at 2012-12-26 10:41:31 -0500
  Processing by HomeController#index as HTML
Rendered users/_user_bar.html.erb (1.5ms)
Rendered users/_search_bar.html.erb (3.5ms)
Rendered home/index.html.erb within layouts/application (60.3ms)
Completed 200 OK in 689ms (Views: 54.6ms | ActiveRecord: 114.6ms)


Started GET "/courses/json" for 127.0.0.1 at 2012-12-26 10:41:32 -0500
  Processing by CoursesController#json as JSON
Completed 200 OK in 415ms (Views: 13.7ms | ActiveRecord: 7.6ms)


Started GET "/categories/json" for 127.0.0.1 at 2012-12-26 10:41:33 -0500
  Processing by CategoriesController#json as JSON
Completed 200 OK in 340ms (Views: 12.5ms | ActiveRecord: 54.1ms)


Started GET "/proglangs/json" for 127.0.0.1 at 2012-12-26 10:41:33 -0500
  Processing by ProglangsController#json as JSON
Completed 200 OK in 307ms (Views: 12.6ms | ActiveRecord: 4.5ms)


Started GET "/" for 127.0.0.1 at 2012-12-26 10:41:34 -0500
  Processing by HomeController#index as HTML
Rendered users/_user_bar.html.erb (8.2ms)
Rendered users/_search_bar.html.erb (2.5ms)
Rendered home/index.html.erb within layouts/application (33.3ms)
Completed 200 OK in 413ms (Views: 45.2ms | ActiveRecord: 4.0ms)


Started GET "/categories/json" for 127.0.0.1 at 2012-12-26 10:41:35 -0500
  Processing by CategoriesController#json as JSON
Completed 200 OK in 622ms (Views: 14.6ms | ActiveRecord: 13.2ms)


Started GET "/proglangs/json" for 127.0.0.1 at 2012-12-26 10:41:36 -0500
  Processing by ProglangsController#json as JSON
Completed 200 OK in 468ms (Views: 46.0ms | ActiveRecord: 3.2ms)


Started GET "/courses/json" for 127.0.0.1 at 2012-12-26 10:41:37 -0500
  Processing by CoursesController#json as JSON
Completed 200 OK in 400ms (Views: 13.4ms | ActiveRecord: 5.4ms)


Started GET "/login" for 127.0.0.1 at 2012-12-26 10:41:43 -0500


Started GET "/auth/cas" for 127.0.0.1 at 2012-12-26 10:41:43 -0500


Started GET "/auth/cas" for 127.0.0.1 at 2012-12-26 10:42:09 -0500


Started GET "/auth/cas" for 127.0.0.1 at 2012-12-26 10:43:27 -0500
DEPRECATION WARNING: config.action_view.debug_rjs will be removed in 3.1, from 3.1 onwards you will need to install prototype-rails to continue to use RJS templates . (called from <top (required)> at /Users/ras/Documents/research-projects.info/berkeley-omniauth/ResearchMatch/config/environment.rb:5)
Migrating to CreateUsers (20091107192416)
Migrating to CreateCategories (20091107192909)
Migrating to CreateReviews (20091107193238)
Migrating to CreateJobs (20091107194546)
Migrating to CreatePictures (20091107194626)
Migrating to CreateFaculties (20091107194831)
Migrating to CreateDepartments (20091116203348)
Migrating to CreateCourses (20091119022216)
Migrating to AddIsFacultyToUsers (20091121171900)
Migrating to AddNameAndDescToCourses (20091122160800)
Migrating to CreateEnrollments (20091123010526)
Migrating to CreateSponsorships (20091123013549)
Migrating to AddFacultyActivation (20091123040819)
Migrating to PopulateEecsToDepartments (20091123205113)
Migrating to FixJobInactivesTable (20091125004300)
Migrating to AddDepartmentAssociationToJob (20091126215518)
Migrating to RevampJobInactives (20091127022100)
Migrating to ActsAsTaggableMigration (20091129000032)
Migrating to CreateCoursereqs (20091129080127)
Migrating to CreateInterests (20091130071127)
Migrating to CreateProglangs (20091130080302)
Migrating to CreateProficiencies (20091130080823)
Migrating to CreateProglangreqs (20091130082556)
Migrating to CreateWatches (20091201033430)
Migrating to PopulateCourseData (20091202000624)
Migrating to PopulateFaculty (20091202061128)
Migrating to CreateFacultiesReviews (20100318162100)
Migrating to RemoveAndFixFacultiesReviews (20100318233200)
Migrating to CreateApplics (20100913000000)
Migrating to PopulateRealFaculty (20101106171600)
Migrating to AddDeltaToJob (20101107003246)
Migrating to AddUserTypeToUser (20101108054913)
Migrating to CreateDocuments (20101109224709)
Migrating to AddInfoToApplics (20101110073408)
Migrating to CreateUsersAuthlogic (20110318224316)
Migrating to AddSessionsTable (20110519012313)
Migrating to RemoveReviews (20110529025644)
Migrating to AddRefinementsToJob (20110626210351)
Migrating to RemoveOpenEndedEndDateFromJobs (20110803053913)
Migrating to FixFacultyDepartmentField (20111017012829)
Migrating to AddInfoToPerson (20111109233722)
Migrating to AddCompensationFieldToJob (20111114023135)
Migrating to AddOpenFieldToJob (20111114023612)
Migrating to UnifyJobCompensation (20111115072414)
Migrating to AddStatusStringToApplics (20121021065302)
Migrating to AddStatusToJobs (20121103200802)
Migrating to CreateOwns (20121117232110)
Migrating to AddRealFaculty (20121203014557)
Migrating to MakeUserLoginNullable (20121205014557)
DEPRECATION WARNING: RAILS_ENV is deprecated. Please use ::Rails.env. (called from migrate_with_columnizer at /Users/ras/Documents/research-projects.info/berkeley-omniauth/ResearchMatch/vendor/plugins/what_column/lib/what_column_migrator.rb:13)
DEPRECATION WARNING: config.action_view.debug_rjs will be removed in 3.1, from 3.1 onwards you will need to install prototype-rails to continue to use RJS templates . (called from <top (required)> at /Users/ras/Documents/research-projects.info/berkeley-omniauth/ResearchMatch/config/environment.rb:5)


Started GET "/" for 127.0.0.1 at 2012-12-26 16:27:13 -0500
  Processing by HomeController#index as HTML
Rendered users/_user_bar.html.erb (1.4ms)
Rendered users/_search_bar.html.erb (2.1ms)
Rendered home/index.html.erb within layouts/application (46.0ms)
Completed 200 OK in 500ms (Views: 49.8ms | ActiveRecord: 21.0ms)


Started GET "/proglangs/json" for 127.0.0.1 at 2012-12-26 16:27:14 -0500
  Processing by ProglangsController#json as JSON
Completed 200 OK in 365ms (Views: 12.7ms | ActiveRecord: 14.5ms)


Started GET "/categories/json" for 127.0.0.1 at 2012-12-26 16:27:15 -0500
  Processing by CategoriesController#json as JSON
Completed 200 OK in 339ms (Views: 12.6ms | ActiveRecord: 12.4ms)


Started GET "/courses/json" for 127.0.0.1 at 2012-12-26 16:27:15 -0500
  Processing by CoursesController#json as JSON
Completed 200 OK in 354ms (Views: 13.7ms | ActiveRecord: 5.5ms)


Started GET "/" for 127.0.0.1 at 2012-12-26 16:27:16 -0500
  Processing by HomeController#index as HTML
Rendered users/_user_bar.html.erb (5.0ms)
Rendered users/_search_bar.html.erb (2.5ms)
Rendered home/index.html.erb within layouts/application (42.6ms)
Completed 200 OK in 418ms (Views: 78.6ms | ActiveRecord: 9.2ms)


Started GET "/courses/json" for 127.0.0.1 at 2012-12-26 16:27:17 -0500
  Processing by CoursesController#json as JSON
Completed 200 OK in 533ms (Views: 13.9ms | ActiveRecord: 26.7ms)


Started GET "/proglangs/json" for 127.0.0.1 at 2012-12-26 16:27:17 -0500
  Processing by ProglangsController#json as JSON
Completed 200 OK in 342ms (Views: 17.3ms | ActiveRecord: 5.7ms)


Started GET "/categories/json" for 127.0.0.1 at 2012-12-26 16:27:18 -0500
  Processing by CategoriesController#json as JSON
Completed 200 OK in 358ms (Views: 14.3ms | ActiveRecord: 17.2ms)


Started GET "/login" for 127.0.0.1 at 2012-12-26 16:29:10 -0500


Started GET "/auth/cas" for 127.0.0.1 at 2012-12-26 16:29:10 -0500


Started GET "/auth/cas" for 127.0.0.1 at 2012-12-26 16:29:18 -0500
DEPRECATION WARNING: config.action_view.debug_rjs will be removed in 3.1, from 3.1 onwards you will need to install prototype-rails to continue to use RJS templates . (called from <top (required)> at /Users/ras/Documents/research-projects.info/berkeley-omniauth/ResearchMatch/config/environment.rb:5)


Started GET "/" for 127.0.0.1 at 2012-12-27 11:54:37 -0500
  Processing by HomeController#index as HTML
Rendered users/_user_bar.html.erb (1.4ms)
Rendered users/_search_bar.html.erb (2.1ms)
Rendered home/index.html.erb within layouts/application (52.9ms)
Completed 200 OK in 561ms (Views: 51.5ms | ActiveRecord: 89.9ms)


Started GET "/proglangs/json" for 127.0.0.1 at 2012-12-27 11:54:38 -0500
  Processing by ProglangsController#json as JSON
Completed 200 OK in 307ms (Views: 12.6ms | ActiveRecord: 38.3ms)


Started GET "/courses/json" for 127.0.0.1 at 2012-12-27 11:54:39 -0500
  Processing by CoursesController#json as JSON
Completed 200 OK in 360ms (Views: 14.3ms | ActiveRecord: 5.9ms)


Started GET "/categories/json" for 127.0.0.1 at 2012-12-27 11:54:39 -0500
  Processing by CategoriesController#json as JSON
Completed 200 OK in 271ms (Views: 13.4ms | ActiveRecord: 13.8ms)


Started GET "/" for 127.0.0.1 at 2012-12-27 11:54:40 -0500
  Processing by HomeController#index as HTML
Rendered users/_user_bar.html.erb (1.4ms)
Rendered users/_search_bar.html.erb (2.1ms)
Rendered home/index.html.erb within layouts/application (20.0ms)
Completed 200 OK in 330ms (Views: 31.0ms | ActiveRecord: 3.8ms)


Started GET "/proglangs/json" for 127.0.0.1 at 2012-12-27 11:54:41 -0500
  Processing by ProglangsController#json as JSON
Completed 200 OK in 322ms (Views: 12.2ms | ActiveRecord: 3.9ms)


Started GET "/courses/json" for 127.0.0.1 at 2012-12-27 11:54:42 -0500
  Processing by CoursesController#json as JSON
Completed 200 OK in 332ms (Views: 13.4ms | ActiveRecord: 4.8ms)


Started GET "/categories/json" for 127.0.0.1 at 2012-12-27 11:54:42 -0500
  Processing by CategoriesController#json as JSON
Completed 200 OK in 341ms (Views: 13.1ms | ActiveRecord: 11.4ms)


Started GET "/jobs" for 127.0.0.1 at 2012-12-27 11:54:46 -0500
  Processing by JobsController#index as HTML
Redirected to http://localhost:3000/
Completed 302 Found in 229ms


Started GET "/" for 127.0.0.1 at 2012-12-27 11:54:47 -0500
  Processing by HomeController#index as HTML
Rendered users/_user_bar.html.erb (1.3ms)
Rendered users/_search_bar.html.erb (2.1ms)
Rendered home/index.html.erb within layouts/application (17.8ms)
Completed 200 OK in 327ms (Views: 29.3ms | ActiveRecord: 7.1ms)


Started GET "/proglangs/json" for 127.0.0.1 at 2012-12-27 11:54:47 -0500
  Processing by ProglangsController#json as JSON
Completed 200 OK in 250ms (Views: 12.2ms | ActiveRecord: 3.7ms)


Started GET "/categories/json" for 127.0.0.1 at 2012-12-27 11:54:48 -0500
  Processing by CategoriesController#json as JSON
Completed 200 OK in 322ms (Views: 12.0ms | ActiveRecord: 11.1ms)


Started GET "/courses/json" for 127.0.0.1 at 2012-12-27 11:54:48 -0500
  Processing by CoursesController#json as JSON
Completed 200 OK in 326ms (Views: 13.4ms | ActiveRecord: 4.7ms)


Started GET "/jobs" for 127.0.0.1 at 2012-12-27 11:54:49 -0500
  Processing by JobsController#index as HTML
Redirected to http://localhost:3000/
Completed 302 Found in 329ms


Started GET "/" for 127.0.0.1 at 2012-12-27 11:54:50 -0500
  Processing by HomeController#index as HTML
Rendered users/_user_bar.html.erb (1.4ms)
Rendered users/_search_bar.html.erb (2.1ms)
Rendered home/index.html.erb within layouts/application (18.1ms)
Completed 200 OK in 351ms (Views: 29.7ms | ActiveRecord: 6.5ms)


Started GET "/categories/json" for 127.0.0.1 at 2012-12-27 11:54:51 -0500
  Processing by CategoriesController#json as JSON
Completed 200 OK in 337ms (Views: 13.9ms | ActiveRecord: 11.5ms)


Started GET "/courses/json" for 127.0.0.1 at 2012-12-27 11:54:51 -0500
  Processing by CoursesController#json as JSON
Completed 200 OK in 335ms (Views: 13.5ms | ActiveRecord: 6.6ms)


Started GET "/proglangs/json" for 127.0.0.1 at 2012-12-27 11:54:51 -0500
  Processing by ProglangsController#json as JSON
Completed 200 OK in 263ms (Views: 12.5ms | ActiveRecord: 2.6ms)


Started GET "/dashboard" for 127.0.0.1 at 2012-12-27 11:54:53 -0500
  Processing by DashboardController#index as HTML
Redirected to http://localhost:3000/
Completed 302 Found in 301ms


Started GET "/" for 127.0.0.1 at 2012-12-27 11:54:53 -0500
  Processing by HomeController#index as HTML
Rendered users/_user_bar.html.erb (62.4ms)
Rendered users/_search_bar.html.erb (2.6ms)
Rendered home/index.html.erb within layouts/application (81.4ms)
Completed 200 OK in 379ms (Views: 93.6ms | ActiveRecord: 8.0ms)


Started GET "/courses/json" for 127.0.0.1 at 2012-12-27 11:54:54 -0500
  Processing by CoursesController#json as JSON
Completed 200 OK in 339ms (Views: 13.5ms | ActiveRecord: 5.8ms)


Started GET "/categories/json" for 127.0.0.1 at 2012-12-27 11:54:54 -0500
  Processing by CategoriesController#json as JSON
Completed 200 OK in 332ms (Views: 12.9ms | ActiveRecord: 11.9ms)


Started GET "/proglangs/json" for 127.0.0.1 at 2012-12-27 11:54:54 -0500
  Processing by ProglangsController#json as JSON
Completed 200 OK in 319ms (Views: 12.2ms | ActiveRecord: 3.0ms)


Started GET "/jobs/new" for 127.0.0.1 at 2012-12-27 11:54:56 -0500
  Processing by JobsController#new as HTML
Redirected to http://localhost:3000/
Completed 302 Found in 346ms


Started GET "/" for 127.0.0.1 at 2012-12-27 11:54:56 -0500
  Processing by HomeController#index as HTML
Rendered users/_user_bar.html.erb (1.4ms)
Rendered users/_search_bar.html.erb (2.1ms)
Rendered home/index.html.erb within layouts/application (18.5ms)
Completed 200 OK in 339ms (Views: 30.0ms | ActiveRecord: 6.6ms)


Started GET "/courses/json" for 127.0.0.1 at 2012-12-27 11:54:57 -0500
  Processing by CoursesController#json as JSON
Completed 200 OK in 345ms (Views: 13.6ms | ActiveRecord: 5.4ms)


Started GET "/categories/json" for 127.0.0.1 at 2012-12-27 11:54:57 -0500
  Processing by CategoriesController#json as JSON
Completed 200 OK in 283ms (Views: 12.4ms | ActiveRecord: 11.4ms)


Started GET "/proglangs/json" for 127.0.0.1 at 2012-12-27 11:54:58 -0500
  Processing by ProglangsController#json as JSON
Completed 200 OK in 341ms (Views: 12.5ms | ActiveRecord: 2.6ms)


Started GET "/login" for 127.0.0.1 at 2012-12-27 11:54:59 -0500


Started GET "/auth/cas" for 127.0.0.1 at 2012-12-27 11:54:59 -0500
DEPRECATION WARNING: config.action_view.debug_rjs will be removed in 3.1, from 3.1 onwards you will need to install prototype-rails to continue to use RJS templates . (called from <top (required)> at /Users/ras/Documents/research-projects.info/berkeley-omniauth/ResearchMatch/config/environment.rb:5)
DEPRECATION WARNING: config.action_view.debug_rjs will be removed in 3.1, from 3.1 onwards you will need to install prototype-rails to continue to use RJS templates . (called from <top (required)> at /Users/ras/Documents/research-projects.info/berkeley-omniauth/ResearchMatch/config/environment.rb:5)
DEPRECATION WARNING: config.action_view.debug_rjs will be removed in 3.1, from 3.1 onwards you will need to install prototype-rails to continue to use RJS templates . (called from <top (required)> at /Users/ras/Documents/research-projects.info/berkeley-omniauth/ResearchMatch/config/environment.rb:5)
DEPRECATION WARNING: config.action_view.debug_rjs will be removed in 3.1, from 3.1 onwards you will need to install prototype-rails to continue to use RJS templates . (called from <top (required)> at /Users/ras/Documents/research-projects.info/berkeley-omniauth/ResearchMatch/config/environment.rb:5)
DEPRECATION WARNING: config.action_view.debug_rjs will be removed in 3.1, from 3.1 onwards you will need to install prototype-rails to continue to use RJS templates . (called from <top (required)> at /Users/ras/Documents/research-projects.info/berkeley-omniauth/ResearchMatch/config/environment.rb:5)
DEPRECATION WARNING: config.action_view.debug_rjs will be removed in 3.1, from 3.1 onwards you will need to install prototype-rails to continue to use RJS templates . (called from <top (required)> at /Users/ras/Documents/research-projects.info/berkeley-omniauth/ResearchMatch/config/environment.rb:5)
DEPRECATION WARNING: RAILS_ENV is deprecated. Please use ::Rails.env. (called from bind at /Users/ras/Documents/research-projects.info/berkeley-omniauth/ResearchMatch/vendor/plugins/ucb_ldap/lib/ucb_ldap.rb:132)


Started GET "/" for 127.0.0.1 at 2012-12-27 13:47:02 -0500
  Processing by HomeController#index as HTML
Rendered users/_user_bar.html.erb (1.5ms)
Rendered users/_search_bar.html.erb (2.6ms)
Rendered home/index.html.erb within layouts/application (120.8ms)
Completed 200 OK in 681ms (Views: 127.9ms | ActiveRecord: 32.0ms)


Started GET "/proglangs/json" for 127.0.0.1 at 2012-12-27 13:47:04 -0500
  Processing by ProglangsController#json as JSON
Completed 200 OK in 353ms (Views: 17.5ms | ActiveRecord: 17.5ms)


Started GET "/categories/json" for 127.0.0.1 at 2012-12-27 13:47:04 -0500
  Processing by CategoriesController#json as JSON
Completed 200 OK in 389ms (Views: 17.7ms | ActiveRecord: 16.5ms)


Started GET "/courses/json" for 127.0.0.1 at 2012-12-27 13:47:05 -0500
  Processing by CoursesController#json as JSON
Completed 200 OK in 353ms (Views: 18.6ms | ActiveRecord: 5.2ms)


Started GET "/" for 127.0.0.1 at 2012-12-27 13:47:05 -0500
  Processing by HomeController#index as HTML
Rendered users/_user_bar.html.erb (1.9ms)
Rendered users/_search_bar.html.erb (2.7ms)
Rendered home/index.html.erb within layouts/application (21.7ms)
Completed 200 OK in 361ms (Views: 36.2ms | ActiveRecord: 3.9ms)


Started GET "/courses/json" for 127.0.0.1 at 2012-12-27 13:47:06 -0500
  Processing by CoursesController#json as JSON
Completed 200 OK in 416ms (Views: 18.3ms | ActiveRecord: 5.2ms)


Started GET "/proglangs/json" for 127.0.0.1 at 2012-12-27 13:47:06 -0500
  Processing by ProglangsController#json as JSON
Completed 200 OK in 303ms (Views: 18.5ms | ActiveRecord: 2.7ms)


Started GET "/categories/json" for 127.0.0.1 at 2012-12-27 13:47:07 -0500
  Processing by CategoriesController#json as JSON
Completed 200 OK in 376ms (Views: 17.6ms | ActiveRecord: 11.6ms)


Started GET "/login" for 127.0.0.1 at 2012-12-27 13:47:10 -0500


Started GET "/auth/cas" for 127.0.0.1 at 2012-12-27 13:47:10 -0500


Started GET "/auth/cas/callback?url=http%3A%2F%2Flocalhost%3A3000%2F&ticket=ST-13-yy2Kg5fTEPCSjBrITSJj-cas-t1" for 127.0.0.1 at 2012-12-27 13:47:19 -0500
  Processing by UserSessionsController#new as HTML
  Parameters: {"url"=>"http://localhost:3000/", "ticket"=>"ST-13-yy2Kg5fTEPCSjBrITSJj-cas-t1", "provider"=>"cas"}
Rendered users/_user_bar.html.erb (1.4ms)
Rendered users/_search_bar.html.erb (2.6ms)
Rendered common/exception.html.erb within layouts/application (17.2ms)
ERROR 500: #<NoMethodError: undefined method `email' for nil:NilClass>
Rendered /Users/ras/.rvm/gems/ruby-1.9.3-p327@global/gems/exception_notification-2.5.2/lib/exception_notifier/views/exception_notifier/_request.text.erb (1.1ms)
Rendered /Users/ras/.rvm/gems/ruby-1.9.3-p327@global/gems/exception_notification-2.5.2/lib/exception_notifier/views/exception_notifier/_title.text.erb (0.7ms)
Rendered /Users/ras/.rvm/gems/ruby-1.9.3-p327@global/gems/exception_notification-2.5.2/lib/exception_notifier/views/exception_notifier/_session.text.erb (2.0ms)
Rendered /Users/ras/.rvm/gems/ruby-1.9.3-p327@global/gems/exception_notification-2.5.2/lib/exception_notifier/views/exception_notifier/_title.text.erb (0.7ms)
Rendered /Users/ras/.rvm/gems/ruby-1.9.3-p327@global/gems/exception_notification-2.5.2/lib/exception_notifier/views/exception_notifier/_environment.text.erb (26.8ms)
Rendered /Users/ras/.rvm/gems/ruby-1.9.3-p327@global/gems/exception_notification-2.5.2/lib/exception_notifier/views/exception_notifier/_title.text.erb (2.4ms)
Rendered /Users/ras/.rvm/gems/ruby-1.9.3-p327@global/gems/exception_notification-2.5.2/lib/exception_notifier/views/exception_notifier/_backtrace.text.erb (1.8ms)
Rendered /Users/ras/.rvm/gems/ruby-1.9.3-p327@global/gems/exception_notification-2.5.2/lib/exception_notifier/views/exception_notifier/_title.text.erb (1.2ms)
Rendered /Users/ras/.rvm/gems/ruby-1.9.3-p327@global/gems/exception_notification-2.5.2/lib/exception_notifier/views/exception_notifier/exception_notification.text.erb (77.4ms)

Sent mail to  (149ms)
Completed 500 Internal Server Error in 2137ms (Views: 34.8ms | ActiveRecord: 17.3ms)


Started GET "/categories/json" for 127.0.0.1 at 2012-12-27 13:47:23 -0500
  Processing by CategoriesController#json as JSON
Completed 200 OK in 407ms (Views: 17.9ms | ActiveRecord: 17.5ms)


Started GET "/courses/json" for 127.0.0.1 at 2012-12-27 13:47:24 -0500
  Processing by CoursesController#json as JSON
Completed 200 OK in 370ms (Views: 22.0ms | ActiveRecord: 5.0ms)


Started GET "/proglangs/json" for 127.0.0.1 at 2012-12-27 13:47:24 -0500
  Processing by ProglangsController#json as JSON
Completed 200 OK in 289ms (Views: 18.1ms | ActiveRecord: 4.2ms)
DEPRECATION WARNING: config.action_view.debug_rjs will be removed in 3.1, from 3.1 onwards you will need to install prototype-rails to continue to use RJS templates . (called from <top (required)> at /Users/ras/Documents/research-projects.info/berkeley-omniauth/ResearchMatch/config/environment.rb:5)
DEPRECATION WARNING: RAILS_ENV is deprecated. Please use ::Rails.env. (called from bind at /Users/ras/Documents/research-projects.info/berkeley-omniauth/ResearchMatch/vendor/plugins/ucb_ldap/lib/ucb_ldap.rb:132)
DEPRECATION WARNING: config.action_view.debug_rjs will be removed in 3.1, from 3.1 onwards you will need to install prototype-rails to continue to use RJS templates . (called from <top (required)> at /Users/ras/Documents/research-projects.info/berkeley-omniauth/ResearchMatch/config/environment.rb:5)
DEPRECATION WARNING: RAILS_ENV is deprecated. Please use ::Rails.env. (called from bind at /Users/ras/Documents/research-projects.info/berkeley-omniauth/ResearchMatch/vendor/plugins/ucb_ldap/lib/ucb_ldap.rb:133)
DEPRECATION WARNING: config.action_view.debug_rjs will be removed in 3.1, from 3.1 onwards you will need to install prototype-rails to continue to use RJS templates . (called from <top (required)> at /Users/ras/Documents/research-projects.info/berkeley-omniauth/ResearchMatch/config/environment.rb:5)
DEPRECATION WARNING: RAILS_ENV is deprecated. Please use ::Rails.env. (called from bind at /Users/ras/Documents/research-projects.info/berkeley-omniauth/ResearchMatch/vendor/plugins/ucb_ldap/lib/ucb_ldap.rb:133)


Started GET "/" for 127.0.0.1 at 2012-12-27 14:01:35 -0500
  Processing by HomeController#index as HTML
Rendered users/_user_bar.html.erb (1.5ms)
Rendered users/_search_bar.html.erb (2.6ms)
Rendered home/index.html.erb within layouts/application (22.4ms)
Completed 200 OK in 523ms (Views: 96.5ms | ActiveRecord: 22.1ms)


Started GET "/proglangs/json" for 127.0.0.1 at 2012-12-27 14:01:36 -0500
  Processing by ProglangsController#json as JSON
Completed 200 OK in 407ms (Views: 17.8ms | ActiveRecord: 6.2ms)


Started GET "/categories/json" for 127.0.0.1 at 2012-12-27 14:01:37 -0500
  Processing by CategoriesController#json as JSON
Completed 200 OK in 346ms (Views: 17.3ms | ActiveRecord: 15.0ms)


Started GET "/courses/json" for 127.0.0.1 at 2012-12-27 14:01:37 -0500
  Processing by CoursesController#json as JSON
Completed 200 OK in 373ms (Views: 18.3ms | ActiveRecord: 5.4ms)


Started GET "/auth/cas" for 127.0.0.1 at 2012-12-27 14:01:38 -0500


Started GET "/auth/cas/callback?url=http%3A%2F%2Flocalhost%3A3000%2F&ticket=ST-12-0E3RPpYp10quuDh4tgN7-cas-t2" for 127.0.0.1 at 2012-12-27 14:01:39 -0500
  Processing by UserSessionsController#new as HTML
  Parameters: {"url"=>"http://localhost:3000/", "ticket"=>"ST-12-0E3RPpYp10quuDh4tgN7-cas-t2", "provider"=>"cas"}
Rendered users/_user_bar.html.erb (1.9ms)
Rendered users/_search_bar.html.erb (2.6ms)
Rendered common/exception.html.erb within layouts/application (17.9ms)
ERROR 500: #<NoMethodError: undefined method `email' for nil:NilClass>
Rendered /Users/ras/.rvm/gems/ruby-1.9.3-p327@global/gems/exception_notification-2.5.2/lib/exception_notifier/views/exception_notifier/_request.text.erb (1.1ms)
Rendered /Users/ras/.rvm/gems/ruby-1.9.3-p327@global/gems/exception_notification-2.5.2/lib/exception_notifier/views/exception_notifier/_title.text.erb (0.7ms)
Rendered /Users/ras/.rvm/gems/ruby-1.9.3-p327@global/gems/exception_notification-2.5.2/lib/exception_notifier/views/exception_notifier/_session.text.erb (2.0ms)
Rendered /Users/ras/.rvm/gems/ruby-1.9.3-p327@global/gems/exception_notification-2.5.2/lib/exception_notifier/views/exception_notifier/_title.text.erb (0.7ms)
Rendered /Users/ras/.rvm/gems/ruby-1.9.3-p327@global/gems/exception_notification-2.5.2/lib/exception_notifier/views/exception_notifier/_environment.text.erb (17.4ms)
Rendered /Users/ras/.rvm/gems/ruby-1.9.3-p327@global/gems/exception_notification-2.5.2/lib/exception_notifier/views/exception_notifier/_title.text.erb (4.2ms)
Rendered /Users/ras/.rvm/gems/ruby-1.9.3-p327@global/gems/exception_notification-2.5.2/lib/exception_notifier/views/exception_notifier/_backtrace.text.erb (1.1ms)
Rendered /Users/ras/.rvm/gems/ruby-1.9.3-p327@global/gems/exception_notification-2.5.2/lib/exception_notifier/views/exception_notifier/_title.text.erb (1.4ms)
Rendered /Users/ras/.rvm/gems/ruby-1.9.3-p327@global/gems/exception_notification-2.5.2/lib/exception_notifier/views/exception_notifier/exception_notification.text.erb (69.2ms)

Sent mail to  (150ms)
Completed 500 Internal Server Error in 2123ms (Views: 35.3ms | ActiveRecord: 8.6ms)


Started GET "/auth/cas" for 127.0.0.1 at 2012-12-27 14:01:43 -0500


Started GET "/auth/cas/callback?url=http%3A%2F%2Flocalhost%3A3000%2F&ticket=ST-13-LGvSqc6BgsqfVSdocovx-cas-t2" for 127.0.0.1 at 2012-12-27 14:01:43 -0500
  Processing by UserSessionsController#new as HTML
  Parameters: {"url"=>"http://localhost:3000/", "ticket"=>"ST-13-LGvSqc6BgsqfVSdocovx-cas-t2", "provider"=>"cas"}
Rendered users/_user_bar.html.erb (1.5ms)
Rendered users/_search_bar.html.erb (3.0ms)
Rendered common/exception.html.erb within layouts/application (18.5ms)
ERROR 500: #<NoMethodError: undefined method `email' for nil:NilClass>
Rendered /Users/ras/.rvm/gems/ruby-1.9.3-p327@global/gems/exception_notification-2.5.2/lib/exception_notifier/views/exception_notifier/_request.text.erb (1.1ms)
Rendered /Users/ras/.rvm/gems/ruby-1.9.3-p327@global/gems/exception_notification-2.5.2/lib/exception_notifier/views/exception_notifier/_title.text.erb (0.7ms)
Rendered /Users/ras/.rvm/gems/ruby-1.9.3-p327@global/gems/exception_notification-2.5.2/lib/exception_notifier/views/exception_notifier/_session.text.erb (2.2ms)
Rendered /Users/ras/.rvm/gems/ruby-1.9.3-p327@global/gems/exception_notification-2.5.2/lib/exception_notifier/views/exception_notifier/_title.text.erb (0.7ms)
Rendered /Users/ras/.rvm/gems/ruby-1.9.3-p327@global/gems/exception_notification-2.5.2/lib/exception_notifier/views/exception_notifier/_environment.text.erb (17.8ms)
Rendered /Users/ras/.rvm/gems/ruby-1.9.3-p327@global/gems/exception_notification-2.5.2/lib/exception_notifier/views/exception_notifier/_title.text.erb (2.7ms)
Rendered /Users/ras/.rvm/gems/ruby-1.9.3-p327@global/gems/exception_notification-2.5.2/lib/exception_notifier/views/exception_notifier/_backtrace.text.erb (1.2ms)
Rendered /Users/ras/.rvm/gems/ruby-1.9.3-p327@global/gems/exception_notification-2.5.2/lib/exception_notifier/views/exception_notifier/_title.text.erb (1.1ms)
Rendered /Users/ras/.rvm/gems/ruby-1.9.3-p327@global/gems/exception_notification-2.5.2/lib/exception_notifier/views/exception_notifier/exception_notification.text.erb (58.0ms)

Sent mail to  (11ms)
Completed 500 Internal Server Error in 1130ms (Views: 33.4ms | ActiveRecord: 6.7ms)


Started GET "/courses/json" for 127.0.0.1 at 2012-12-27 14:01:45 -0500
  Processing by CoursesController#json as JSON
Completed 200 OK in 361ms (Views: 18.6ms | ActiveRecord: 9.9ms)


Started GET "/proglangs/json" for 127.0.0.1 at 2012-12-27 14:01:45 -0500
  Processing by ProglangsController#json as JSON
Completed 200 OK in 366ms (Views: 17.2ms | ActiveRecord: 2.6ms)


Started GET "/categories/json" for 127.0.0.1 at 2012-12-27 14:01:46 -0500
  Processing by CategoriesController#json as JSON
Completed 200 OK in 371ms (Views: 18.9ms | ActiveRecord: 12.2ms)


Started GET "/auth/cas" for 127.0.0.1 at 2012-12-27 14:01:47 -0500


Started GET "/auth/cas/callback?url=http%3A%2F%2Flocalhost%3A3000%2Fauth%2Fcas%2Fcallback%3Furl%3Dhttp%253A%252F%252Flocalhost%253A3000%252F%26ticket%3DST-13-LGvSqc6BgsqfVSdocovx-cas-t2&ticket=ST-14-aFyRO64nCAxGiPBKrxqm-cas-t2" for 127.0.0.1 at 2012-12-27 14:01:47 -0500
  Processing by UserSessionsController#new as HTML
  Parameters: {"url"=>"http://localhost:3000/auth/cas/callback?url=http%3A%2F%2Flocalhost%3A3000%2F&ticket=ST-13-LGvSqc6BgsqfVSdocovx-cas-t2", "ticket"=>"ST-14-aFyRO64nCAxGiPBKrxqm-cas-t2", "provider"=>"cas"}
Rendered users/_user_bar.html.erb (1.6ms)
Rendered users/_search_bar.html.erb (3.0ms)
Rendered common/exception.html.erb within layouts/application (82.6ms)
ERROR 500: #<NoMethodError: undefined method `email' for nil:NilClass>
Rendered /Users/ras/.rvm/gems/ruby-1.9.3-p327@global/gems/exception_notification-2.5.2/lib/exception_notifier/views/exception_notifier/_request.text.erb (1.0ms)
Rendered /Users/ras/.rvm/gems/ruby-1.9.3-p327@global/gems/exception_notification-2.5.2/lib/exception_notifier/views/exception_notifier/_title.text.erb (0.7ms)
Rendered /Users/ras/.rvm/gems/ruby-1.9.3-p327@global/gems/exception_notification-2.5.2/lib/exception_notifier/views/exception_notifier/_session.text.erb (2.2ms)
Rendered /Users/ras/.rvm/gems/ruby-1.9.3-p327@global/gems/exception_notification-2.5.2/lib/exception_notifier/views/exception_notifier/_title.text.erb (0.7ms)
Rendered /Users/ras/.rvm/gems/ruby-1.9.3-p327@global/gems/exception_notification-2.5.2/lib/exception_notifier/views/exception_notifier/_environment.text.erb (16.7ms)
Rendered /Users/ras/.rvm/gems/ruby-1.9.3-p327@global/gems/exception_notification-2.5.2/lib/exception_notifier/views/exception_notifier/_title.text.erb (3.7ms)
Rendered /Users/ras/.rvm/gems/ruby-1.9.3-p327@global/gems/exception_notification-2.5.2/lib/exception_notifier/views/exception_notifier/_backtrace.text.erb (1.2ms)
Rendered /Users/ras/.rvm/gems/ruby-1.9.3-p327@global/gems/exception_notification-2.5.2/lib/exception_notifier/views/exception_notifier/_title.text.erb (1.0ms)
Rendered /Users/ras/.rvm/gems/ruby-1.9.3-p327@global/gems/exception_notification-2.5.2/lib/exception_notifier/views/exception_notifier/exception_notification.text.erb (58.1ms)

Sent mail to  (18ms)
Completed 500 Internal Server Error in 1198ms (Views: 101.0ms | ActiveRecord: 7.1ms)


Started GET "/proglangs/json" for 127.0.0.1 at 2012-12-27 14:01:50 -0500
  Processing by ProglangsController#json as JSON
Completed 200 OK in 365ms (Views: 17.3ms | ActiveRecord: 4.1ms)


Started GET "/categories/json" for 127.0.0.1 at 2012-12-27 14:01:50 -0500
  Processing by CategoriesController#json as JSON
Completed 200 OK in 367ms (Views: 17.3ms | ActiveRecord: 11.1ms)


Started GET "/courses/json" for 127.0.0.1 at 2012-12-27 14:01:51 -0500
  Processing by CoursesController#json as JSON
Completed 200 OK in 358ms (Views: 18.7ms | ActiveRecord: 4.7ms)
DEPRECATION WARNING: config.action_view.debug_rjs will be removed in 3.1, from 3.1 onwards you will need to install prototype-rails to continue to use RJS templates . (called from <top (required)> at /Users/ras/Documents/research-projects.info/berkeley-omniauth/ResearchMatch/config/environment.rb:5)
DEPRECATION WARNING: RAILS_ENV is deprecated. Please use ::Rails.env. (called from bind at /Users/ras/Documents/research-projects.info/berkeley-omniauth/ResearchMatch/vendor/plugins/ucb_ldap/lib/ucb_ldap.rb:133)


Started GET "/" for 127.0.0.1 at 2012-12-27 14:20:07 -0500
  Processing by HomeController#index as HTML
Rendered users/_user_bar.html.erb (1.9ms)
Rendered users/_search_bar.html.erb (2.7ms)
Rendered home/index.html.erb within layouts/application (22.1ms)
Completed 200 OK in 518ms (Views: 97.6ms | ActiveRecord: 21.2ms)


Started GET "/courses/json" for 127.0.0.1 at 2012-12-27 14:20:08 -0500
  Processing by CoursesController#json as JSON
Completed 200 OK in 375ms (Views: 19.3ms | ActiveRecord: 5.1ms)


Started GET "/categories/json" for 127.0.0.1 at 2012-12-27 14:20:09 -0500
  Processing by CategoriesController#json as JSON
Completed 200 OK in 301ms (Views: 17.9ms | ActiveRecord: 14.9ms)


Started GET "/proglangs/json" for 127.0.0.1 at 2012-12-27 14:20:09 -0500
  Processing by ProglangsController#json as JSON
Completed 200 OK in 348ms (Views: 18.0ms | ActiveRecord: 5.2ms)


Started GET "/login" for 127.0.0.1 at 2012-12-27 14:20:19 -0500


Started GET "/auth/cas" for 127.0.0.1 at 2012-12-27 14:20:19 -0500


Started GET "/auth/cas/callback?url=http%3A%2F%2Flocalhost%3A3000%2F&ticket=ST-15-Lf5xOO2eaPWf60IoZoMR-cas-t1" for 127.0.0.1 at 2012-12-27 14:20:19 -0500
  Processing by UserSessionsController#new as HTML
  Parameters: {"url"=>"http://localhost:3000/", "ticket"=>"ST-15-Lf5xOO2eaPWf60IoZoMR-cas-t1", "provider"=>"cas"}
Rendered users/_user_bar.html.erb (1.6ms)
Rendered users/_search_bar.html.erb (2.7ms)
Rendered common/exception.html.erb within layouts/application (17.5ms)
ERROR 500: #<NoMethodError: undefined method `email' for nil:NilClass>
Rendered /Users/ras/.rvm/gems/ruby-1.9.3-p327@global/gems/exception_notification-2.5.2/lib/exception_notifier/views/exception_notifier/_request.text.erb (1.2ms)
Rendered /Users/ras/.rvm/gems/ruby-1.9.3-p327@global/gems/exception_notification-2.5.2/lib/exception_notifier/views/exception_notifier/_title.text.erb (0.7ms)
Rendered /Users/ras/.rvm/gems/ruby-1.9.3-p327@global/gems/exception_notification-2.5.2/lib/exception_notifier/views/exception_notifier/_session.text.erb (2.5ms)
Rendered /Users/ras/.rvm/gems/ruby-1.9.3-p327@global/gems/exception_notification-2.5.2/lib/exception_notifier/views/exception_notifier/_title.text.erb (0.9ms)
Rendered /Users/ras/.rvm/gems/ruby-1.9.3-p327@global/gems/exception_notification-2.5.2/lib/exception_notifier/views/exception_notifier/_environment.text.erb (20.8ms)
Rendered /Users/ras/.rvm/gems/ruby-1.9.3-p327@global/gems/exception_notification-2.5.2/lib/exception_notifier/views/exception_notifier/_title.text.erb (1.8ms)
Rendered /Users/ras/.rvm/gems/ruby-1.9.3-p327@global/gems/exception_notification-2.5.2/lib/exception_notifier/views/exception_notifier/_backtrace.text.erb (1.1ms)
Rendered /Users/ras/.rvm/gems/ruby-1.9.3-p327@global/gems/exception_notification-2.5.2/lib/exception_notifier/views/exception_notifier/_title.text.erb (1.5ms)
Rendered /Users/ras/.rvm/gems/ruby-1.9.3-p327@global/gems/exception_notification-2.5.2/lib/exception_notifier/views/exception_notifier/exception_notification.text.erb (89.1ms)

Sent mail to  (152ms)
Completed 500 Internal Server Error in 2300ms (Views: 33.0ms | ActiveRecord: 15.4ms)


Started GET "/courses/json" for 127.0.0.1 at 2012-12-27 14:20:23 -0500
  Processing by CoursesController#json as JSON
Completed 200 OK in 458ms (Views: 28.1ms | ActiveRecord: 6.7ms)


Started GET "/categories/json" for 127.0.0.1 at 2012-12-27 14:20:24 -0500
  Processing by CategoriesController#json as JSON
Completed 200 OK in 385ms (Views: 22.7ms | ActiveRecord: 11.8ms)


Started GET "/proglangs/json" for 127.0.0.1 at 2012-12-27 14:20:24 -0500
  Processing by ProglangsController#json as JSON
Completed 200 OK in 367ms (Views: 16.7ms | ActiveRecord: 2.9ms)
DEPRECATION WARNING: config.action_view.debug_rjs will be removed in 3.1, from 3.1 onwards you will need to install prototype-rails to continue to use RJS templates . (called from <top (required)> at /Users/ras/Documents/research-projects.info/berkeley-omniauth/ResearchMatch/config/environment.rb:5)
DEPRECATION WARNING: RAILS_ENV is deprecated. Please use ::Rails.env. (called from bind at /Users/ras/Documents/research-projects.info/berkeley-omniauth/ResearchMatch/vendor/plugins/ucb_ldap/lib/ucb_ldap.rb:133)


Started GET "/" for 127.0.0.1 at 2012-12-27 14:22:28 -0500
  Processing by HomeController#index as HTML
Rendered users/_user_bar.html.erb (1.5ms)
Rendered users/_search_bar.html.erb (2.6ms)
Rendered home/index.html.erb within layouts/application (22.0ms)
Completed 200 OK in 503ms (Views: 99.9ms | ActiveRecord: 21.8ms)


Started GET "/courses/json" for 127.0.0.1 at 2012-12-27 14:22:29 -0500
  Processing by CoursesController#json as JSON
Completed 200 OK in 362ms (Views: 18.4ms | ActiveRecord: 5.5ms)


Started GET "/proglangs/json" for 127.0.0.1 at 2012-12-27 14:22:30 -0500
  Processing by ProglangsController#json as JSON
Completed 200 OK in 310ms (Views: 17.5ms | ActiveRecord: 3.2ms)


Started GET "/categories/json" for 127.0.0.1 at 2012-12-27 14:22:30 -0500
  Processing by CategoriesController#json as JSON
Completed 200 OK in 376ms (Views: 17.7ms | ActiveRecord: 14.6ms)


Started GET "/auth/cas" for 127.0.0.1 at 2012-12-27 14:22:33 -0500


Started GET "/auth/cas/callback?url=http%3A%2F%2Flocalhost%3A3000%2F&ticket=ST-16-NqmeIfq5b4DbljkE6x06-cas-t1" for 127.0.0.1 at 2012-12-27 14:22:36 -0500
  Processing by UserSessionsController#new as HTML
  Parameters: {"url"=>"http://localhost:3000/", "ticket"=>"ST-16-NqmeIfq5b4DbljkE6x06-cas-t1", "provider"=>"cas"}
Rendered users/_user_bar.html.erb (1.4ms)
Rendered users/_search_bar.html.erb (2.6ms)
Rendered common/exception.html.erb within layouts/application (17.1ms)
ERROR 500: #<NoMethodError: undefined method `email' for nil:NilClass>
Rendered /Users/ras/.rvm/gems/ruby-1.9.3-p327@global/gems/exception_notification-2.5.2/lib/exception_notifier/views/exception_notifier/_request.text.erb (1.1ms)
Rendered /Users/ras/.rvm/gems/ruby-1.9.3-p327@global/gems/exception_notification-2.5.2/lib/exception_notifier/views/exception_notifier/_title.text.erb (0.7ms)
Rendered /Users/ras/.rvm/gems/ruby-1.9.3-p327@global/gems/exception_notification-2.5.2/lib/exception_notifier/views/exception_notifier/_session.text.erb (2.0ms)
Rendered /Users/ras/.rvm/gems/ruby-1.9.3-p327@global/gems/exception_notification-2.5.2/lib/exception_notifier/views/exception_notifier/_title.text.erb (0.7ms)
Rendered /Users/ras/.rvm/gems/ruby-1.9.3-p327@global/gems/exception_notification-2.5.2/lib/exception_notifier/views/exception_notifier/_environment.text.erb (18.0ms)
Rendered /Users/ras/.rvm/gems/ruby-1.9.3-p327@global/gems/exception_notification-2.5.2/lib/exception_notifier/views/exception_notifier/_title.text.erb (2.7ms)
Rendered /Users/ras/.rvm/gems/ruby-1.9.3-p327@global/gems/exception_notification-2.5.2/lib/exception_notifier/views/exception_notifier/_backtrace.text.erb (1.0ms)
Rendered /Users/ras/.rvm/gems/ruby-1.9.3-p327@global/gems/exception_notification-2.5.2/lib/exception_notifier/views/exception_notifier/_title.text.erb (0.9ms)
Rendered /Users/ras/.rvm/gems/ruby-1.9.3-p327@global/gems/exception_notification-2.5.2/lib/exception_notifier/views/exception_notifier/exception_notification.text.erb (62.7ms)

Sent mail to  (137ms)
Completed 500 Internal Server Error in 2871ms (Views: 32.2ms | ActiveRecord: 8.8ms)


Started GET "/proglangs/json" for 127.0.0.1 at 2012-12-27 14:22:45 -0500
  Processing by ProglangsController#json as JSON
Completed 200 OK in 352ms (Views: 17.2ms | ActiveRecord: 4.4ms)


Started GET "/courses/json" for 127.0.0.1 at 2012-12-27 14:22:46 -0500
  Processing by CoursesController#json as JSON
Completed 200 OK in 366ms (Views: 18.2ms | ActiveRecord: 4.7ms)


Started GET "/categories/json" for 127.0.0.1 at 2012-12-27 14:22:46 -0500
  Processing by CategoriesController#json as JSON
Completed 200 OK in 391ms (Views: 16.9ms | ActiveRecord: 14.0ms)
